[28853] error @0.001508> [hit #1]request to GET /api/time crashed: Undefined subroutine &main::strftime called at app.psgi line 13, <DATA> line 16. in /usr/share/perl5/Dancer/Handler.pm l. 98
[28856] error @0.000790> [hit #1]request to GET /api/time crashed: Undefined subroutine &main::strftime called at app.psgi line 13, <DATA> line 16. in /usr/share/perl5/Dancer/Handler.pm l. 98
[8470] error @0.001065> [hit #1]request to GET /api/clientip crashed: Can't find label 32/64 at app.psgi line 21, <DATA> line 16. in /usr/share/perl5/Dancer/Handler.pm l. 98
[20403] error @0.061530> [hit #1]request to POST /api/urldecode crashed: Can't call method "url" on unblessed reference at /home/imyaman/websites/heroku_/highest/app.psgi line 26. in /usr/share/perl5/Dancer/Handler.pm l. 98
[20403] error @0.007161> [hit #2]request to POST /api/urldecode crashed: Can't call method "url" on unblessed reference at /home/imyaman/websites/heroku_/highest/app.psgi line 26. in /usr/share/perl5/Dancer/Handler.pm l. 98
[20403] error @0.016060> [hit #3]request to POST /api/urldecode crashed: Can't call method "url" on unblessed reference at /home/imyaman/websites/heroku_/highest/app.psgi line 26. in /usr/share/perl5/Dancer/Handler.pm l. 98
[20522] error @0.011973> [hit #1]request to POST /api/urldecode crashed: Can't call method "url" on unblessed reference at /home/imyaman/websites/heroku_/highest/app.psgi line 26. in /usr/share/perl5/Dancer/Handler.pm l. 98
[20612] error @0.011006> [hit #1]request to POST /api/urldecode crashed: Undefined subroutine &Plack::Sandbox::_2fhome_2fimyaman_2fwebsites_2fheroku__2fhighest_2fapp_2epsgi::urldecode called at /home/imyaman/websites/heroku_/highest/app.psgi line 26. in /usr/share/perl5/Dancer/Handler.pm l. 98
[20612] error @0.003693> [hit #2]request to POST /api/urldecode crashed: Undefined subroutine &Plack::Sandbox::_2fhome_2fimyaman_2fwebsites_2fheroku__2fhighest_2fapp_2epsgi::urldecode called at /home/imyaman/websites/heroku_/highest/app.psgi line 26. in /usr/share/perl5/Dancer/Handler.pm l. 98
[15562] error @0.003381> [hit #1]request to GET /api/md2html crashed: Can't use string ("") as a HASH ref while "strict refs" in use at app.psgi line 52, <DATA> line 16. in /usr/share/perl5/Dancer/Handler.pm l. 98
[15689] error @0.001823> [hit #1]request to GET /api/md2html crashed: Can't use string ("") as a HASH ref while "strict refs" in use at app.psgi line 52, <DATA> line 16. in /usr/share/perl5/Dancer/Handler.pm l. 98
[15689] error @0.002753> [hit #2]request to GET /api/md2html crashed: Can't use string ("") as a HASH ref while "strict refs" in use at app.psgi line 52. in /usr/share/perl5/Dancer/Handler.pm l. 98
[15877] error @0.001135> [hit #3]request to POST /api/md2html crashed: invalid character encountered while parsing JSON string, at character offset 10 (before "\rhahahah"}") at (eval 115) line 161. in /usr/share/perl5/Dancer/Handler.pm l. 98
[15877] error @0.002975> [hit #4]request to POST /api/md2html crashed: invalid character encountered while parsing JSON string, at character offset 10 (before "\rhahahah"}") at (eval 115) line 161. in /usr/share/perl5/Dancer/Handler.pm l. 98
[15877] error @0.001258> [hit #6]request to POST /api/md2html crashed: illegal backslash escape sequence in string, at character offset 10 (before "\\hahah"}") at (eval 115) line 161. in /usr/share/perl5/Dancer/Handler.pm l. 98
[15877] error @0.000957> [hit #7]request to POST /api/md2html crashed: illegal backslash escape sequence in string, at character offset 10 (before "\\\nhello"}") at (eval 115) line 161. in /usr/share/perl5/Dancer/Handler.pm l. 98
[16078] error @0.002987> [hit #4]request to POST /api/md2html crashed: illegal backslash escape sequence in string, at character offset 7 (before "\\#aaahahah"}") at (eval 115) line 161. in /usr/share/perl5/Dancer/Handler.pm l. 98
[16238] error @0.018216> [hit #1]request to POST /api/md2html crashed: illegal backslash escape sequence in string, at character offset 7 (before "\\#aaahahah"}") at (eval 115) line 161. in /usr/share/perl5/Dancer/Handler.pm l. 98
[16238] error @0.001429> [hit #2]request to POST /api/md2html crashed: illegal backslash escape sequence in string, at character offset 7 (before "\\aahahah"}") at (eval 115) line 161. in /usr/share/perl5/Dancer/Handler.pm l. 98
[17264] error @0.019152> [hit #1]request to POST /api/md2html crashed: Undefined subroutine &main::Markdown called at app.psgi line 55. in /usr/share/perl5/Dancer/Handler.pm l. 98
[17264] error @0.006627> [hit #2]request to POST /api/md2html crashed: Undefined subroutine &main::Markdown called at app.psgi line 55. in /usr/share/perl5/Dancer/Handler.pm l. 98
[17264] error @0.002050> [hit #3]request to POST /api/md2html crashed: Undefined subroutine &main::Markdown called at app.psgi line 55. in /usr/share/perl5/Dancer/Handler.pm l. 98
[18290] error @0.021491> [hit #2]request to POST /api/md2html crashed: Wide character in subroutine entry at /home/imyaman/websites/heroku_/highest/Markdown_1.0.1/Markdown.pm line 201. in /usr/share/perl5/Dancer/Handler.pm l. 98
